<?xml version="1.0" encoding="UTF-8"?>
<!-- Generated by org.testng.reporters.JUnitReportReporter -->
<testsuite skipped="0" hostname="Mac.local" name="androidTest.TestApp" tests="1" failures="0" timestamp="17 Sep 2018 08:45:48 GMT" time="14.188" errors="0">
  <testcase name="Test" time="14.188" classname="androidTest.TestApp"/>
</testsuite> <!-- androidTest.TestApp -->
